[     181ms] [INFO] %cDownload the React DevTools for a better development experience: https://react.dev/link/react-devtools font-weight:bold @ http://localhost:5174/node_modules/.vite/deps/react-dom_client.js?v=8fee1d66:20102
[   20228ms] [WARNING] WebSocket connection to 'ws://localhost:3001/socket.io/?EIO=4&transport=websocket' failed: WebSocket is closed before the connection is established. @ http://localhost:5174/node_modules/.vite/deps/socket__io-client.js?v=8fee1d66:1499
[   41254ms] [WARNING] WebSocket connection to 'ws://localhost:3001/socket.io/?EIO=4&transport=websocket' failed: WebSocket is closed before the connection is established. @ http://localhost:5174/node_modules/.vite/deps/socket__io-client.js?v=8fee1d66:1499
[   62648ms] [WARNING] WebSocket connection to 'ws://localhost:3001/socket.io/?EIO=4&transport=websocket' failed: WebSocket is closed before the connection is established. @ http://localhost:5174/node_modules/.vite/deps/socket__io-client.js?v=8fee1d66:1499
[   87655ms] [WARNING] WebSocket connection to 'ws://localhost:3001/socket.io/?EIO=4&transport=websocket' failed: WebSocket is closed before the connection is established. @ http://localhost:5174/node_modules/.vite/deps/socket__io-client.js?v=8fee1d66:1499
[  112684ms] [WARNING] WebSocket connection to 'ws://localhost:3001/socket.io/?EIO=4&transport=websocket' failed: WebSocket is closed before the connection is established. @ http://localhost:5174/node_modules/.vite/deps/socket__io-client.js?v=8fee1d66:1499
[  137704ms] [WARNING] WebSocket connection to 'ws://localhost:3001/socket.io/?EIO=4&transport=websocket' failed: WebSocket is closed before the connection is established. @ http://localhost:5174/node_modules/.vite/deps/socket__io-client.js?v=8fee1d66:1499
[  162715ms] [WARNING] WebSocket connection to 'ws://localhost:3001/socket.io/?EIO=4&transport=websocket' failed: WebSocket is closed before the connection is established. @ http://localhost:5174/node_modules/.vite/deps/socket__io-client.js?v=8fee1d66:1499
[  187725ms] [WARNING] WebSocket connection to 'ws://localhost:3001/socket.io/?EIO=4&transport=websocket' failed: WebSocket is closed before the connection is established. @ http://localhost:5174/node_modules/.vite/deps/socket__io-client.js?v=8fee1d66:1499
[  212736ms] [WARNING] WebSocket connection to 'ws://localhost:3001/socket.io/?EIO=4&transport=websocket' failed: WebSocket is closed before the connection is established. @ http://localhost:5174/node_modules/.vite/deps/socket__io-client.js?v=8fee1d66:1499
[  237752ms] [WARNING] WebSocket connection to 'ws://localhost:3001/socket.io/?EIO=4&transport=websocket' failed: WebSocket is closed before the connection is established. @ http://localhost:5174/node_modules/.vite/deps/socket__io-client.js?v=8fee1d66:1499
[  262770ms] [WARNING] WebSocket connection to 'ws://localhost:3001/socket.io/?EIO=4&transport=websocket' failed: WebSocket is closed before the connection is established. @ http://localhost:5174/node_modules/.vite/deps/socket__io-client.js?v=8fee1d66:1499
[  287777ms] [WARNING] WebSocket connection to 'ws://localhost:3001/socket.io/?EIO=4&transport=websocket' failed: WebSocket is closed before the connection is established. @ http://localhost:5174/node_modules/.vite/deps/socket__io-client.js?v=8fee1d66:1499
[  312789ms] [WARNING] WebSocket connection to 'ws://localhost:3001/socket.io/?EIO=4&transport=websocket' failed: WebSocket is closed before the connection is established. @ http://localhost:5174/node_modules/.vite/deps/socket__io-client.js?v=8fee1d66:1499
[  337799ms] [WARNING] WebSocket connection to 'ws://localhost:3001/socket.io/?EIO=4&transport=websocket' failed: WebSocket is closed before the connection is established. @ http://localhost:5174/node_modules/.vite/deps/socket__io-client.js?v=8fee1d66:1499
[  362812ms] [WARNING] WebSocket connection to 'ws://localhost:3001/socket.io/?EIO=4&transport=websocket' failed: WebSocket is closed before the connection is established. @ http://localhost:5174/node_modules/.vite/deps/socket__io-client.js?v=8fee1d66:1499
[  387820ms] [WARNING] WebSocket connection to 'ws://localhost:3001/socket.io/?EIO=4&transport=websocket' failed: WebSocket is closed before the connection is established. @ http://localhost:5174/node_modules/.vite/deps/socket__io-client.js?v=8fee1d66:1499
[  412849ms] [WARNING] WebSocket connection to 'ws://localhost:3001/socket.io/?EIO=4&transport=websocket' failed: WebSocket is closed before the connection is established. @ http://localhost:5174/node_modules/.vite/deps/socket__io-client.js?v=8fee1d66:1499
[  437861ms] [WARNING] WebSocket connection to 'ws://localhost:3001/socket.io/?EIO=4&transport=websocket' failed: WebSocket is closed before the connection is established. @ http://localhost:5174/node_modules/.vite/deps/socket__io-client.js?v=8fee1d66:1499
[  462875ms] [WARNING] WebSocket connection to 'ws://localhost:3001/socket.io/?EIO=4&transport=websocket' failed: WebSocket is closed before the connection is established. @ http://localhost:5174/node_modules/.vite/deps/socket__io-client.js?v=8fee1d66:1499
[  487888ms] [WARNING] WebSocket connection to 'ws://localhost:3001/socket.io/?EIO=4&transport=websocket' failed: WebSocket is closed before the connection is established. @ http://localhost:5174/node_modules/.vite/deps/socket__io-client.js?v=8fee1d66:1499
[  512901ms] [WARNING] WebSocket connection to 'ws://localhost:3001/socket.io/?EIO=4&transport=websocket' failed: WebSocket is closed before the connection is established. @ http://localhost:5174/node_modules/.vite/deps/socket__io-client.js?v=8fee1d66:1499
[  537912ms] [WARNING] WebSocket connection to 'ws://localhost:3001/socket.io/?EIO=4&transport=websocket' failed: WebSocket is closed before the connection is established. @ http://localhost:5174/node_modules/.vite/deps/socket__io-client.js?v=8fee1d66:1499
[  562928ms] [WARNING] WebSocket connection to 'ws://localhost:3001/socket.io/?EIO=4&transport=websocket' failed: WebSocket is closed before the connection is established. @ http://localhost:5174/node_modules/.vite/deps/socket__io-client.js?v=8fee1d66:1499
[  587932ms] [WARNING] WebSocket connection to 'ws://localhost:3001/socket.io/?EIO=4&transport=websocket' failed: WebSocket is closed before the connection is established. @ http://localhost:5174/node_modules/.vite/deps/socket__io-client.js?v=8fee1d66:1499
[  612956ms] [WARNING] WebSocket connection to 'ws://localhost:3001/socket.io/?EIO=4&transport=websocket' failed: WebSocket is closed before the connection is established. @ http://localhost:5174/node_modules/.vite/deps/socket__io-client.js?v=8fee1d66:1499
[  637979ms] [WARNING] WebSocket connection to 'ws://localhost:3001/socket.io/?EIO=4&transport=websocket' failed: WebSocket is closed before the connection is established. @ http://localhost:5174/node_modules/.vite/deps/socket__io-client.js?v=8fee1d66:1499
[  662993ms] [WARNING] WebSocket connection to 'ws://localhost:3001/socket.io/?EIO=4&transport=websocket' failed: WebSocket is closed before the connection is established. @ http://localhost:5174/node_modules/.vite/deps/socket__io-client.js?v=8fee1d66:1499
[  688019ms] [WARNING] WebSocket connection to 'ws://localhost:3001/socket.io/?EIO=4&transport=websocket' failed: WebSocket is closed before the connection is established. @ http://localhost:5174/node_modules/.vite/deps/socket__io-client.js?v=8fee1d66:1499
[  713038ms] [WARNING] WebSocket connection to 'ws://localhost:3001/socket.io/?EIO=4&transport=websocket' failed: WebSocket is closed before the connection is established. @ http://localhost:5174/node_modules/.vite/deps/socket__io-client.js?v=8fee1d66:1499
[  738055ms] [WARNING] WebSocket connection to 'ws://localhost:3001/socket.io/?EIO=4&transport=websocket' failed: WebSocket is closed before the connection is established. @ http://localhost:5174/node_modules/.vite/deps/socket__io-client.js?v=8fee1d66:1499
[  763083ms] [WARNING] WebSocket connection to 'ws://localhost:3001/socket.io/?EIO=4&transport=websocket' failed: WebSocket is closed before the connection is established. @ http://localhost:5174/node_modules/.vite/deps/socket__io-client.js?v=8fee1d66:1499
[  788102ms] [WARNING] WebSocket connection to 'ws://localhost:3001/socket.io/?EIO=4&transport=websocket' failed: WebSocket is closed before the connection is established. @ http://localhost:5174/node_modules/.vite/deps/socket__io-client.js?v=8fee1d66:1499
[  813133ms] [WARNING] WebSocket connection to 'ws://localhost:3001/socket.io/?EIO=4&transport=websocket' failed: WebSocket is closed before the connection is established. @ http://localhost:5174/node_modules/.vite/deps/socket__io-client.js?v=8fee1d66:1499
[  838154ms] [WARNING] WebSocket connection to 'ws://localhost:3001/socket.io/?EIO=4&transport=websocket' failed: WebSocket is closed before the connection is established. @ http://localhost:5174/node_modules/.vite/deps/socket__io-client.js?v=8fee1d66:1499
[  863165ms] [WARNING] WebSocket connection to 'ws://localhost:3001/socket.io/?EIO=4&transport=websocket' failed: WebSocket is closed before the connection is established. @ http://localhost:5174/node_modules/.vite/deps/socket__io-client.js?v=8fee1d66:1499
[  888173ms] [WARNING] WebSocket connection to 'ws://localhost:3001/socket.io/?EIO=4&transport=websocket' failed: WebSocket is closed before the connection is established. @ http://localhost:5174/node_modules/.vite/deps/socket__io-client.js?v=8fee1d66:1499
[  913204ms] [WARNING] WebSocket connection to 'ws://localhost:3001/socket.io/?EIO=4&transport=websocket' failed: WebSocket is closed before the connection is established. @ http://localhost:5174/node_modules/.vite/deps/socket__io-client.js?v=8fee1d66:1499
[  938217ms] [WARNING] WebSocket connection to 'ws://localhost:3001/socket.io/?EIO=4&transport=websocket' failed: WebSocket is closed before the connection is established. @ http://localhost:5174/node_modules/.vite/deps/socket__io-client.js?v=8fee1d66:1499
[  963244ms] [WARNING] WebSocket connection to 'ws://localhost:3001/socket.io/?EIO=4&transport=websocket' failed: WebSocket is closed before the connection is established. @ http://localhost:5174/node_modules/.vite/deps/socket__io-client.js?v=8fee1d66:1499
[  988258ms] [WARNING] WebSocket connection to 'ws://localhost:3001/socket.io/?EIO=4&transport=websocket' failed: WebSocket is closed before the connection is established. @ http://localhost:5174/node_modules/.vite/deps/socket__io-client.js?v=8fee1d66:1499
[ 1013264ms] [WARNING] WebSocket connection to 'ws://localhost:3001/socket.io/?EIO=4&transport=websocket' failed: WebSocket is closed before the connection is established. @ http://localhost:5174/node_modules/.vite/deps/socket__io-client.js?v=8fee1d66:1499
[ 1038286ms] [WARNING] WebSocket connection to 'ws://localhost:3001/socket.io/?EIO=4&transport=websocket' failed: WebSocket is closed before the connection is established. @ http://localhost:5174/node_modules/.vite/deps/socket__io-client.js?v=8fee1d66:1499
[ 1063308ms] [WARNING] WebSocket connection to 'ws://localhost:3001/socket.io/?EIO=4&transport=websocket' failed: WebSocket is closed before the connection is established. @ http://localhost:5174/node_modules/.vite/deps/socket__io-client.js?v=8fee1d66:1499
[ 1088329ms] [WARNING] WebSocket connection to 'ws://localhost:3001/socket.io/?EIO=4&transport=websocket' failed: WebSocket is closed before the connection is established. @ http://localhost:5174/node_modules/.vite/deps/socket__io-client.js?v=8fee1d66:1499
[ 1113339ms] [WARNING] WebSocket connection to 'ws://localhost:3001/socket.io/?EIO=4&transport=websocket' failed: WebSocket is closed before the connection is established. @ http://localhost:5174/node_modules/.vite/deps/socket__io-client.js?v=8fee1d66:1499
[ 1138350ms] [WARNING] WebSocket connection to 'ws://localhost:3001/socket.io/?EIO=4&transport=websocket' failed: WebSocket is closed before the connection is established. @ http://localhost:5174/node_modules/.vite/deps/socket__io-client.js?v=8fee1d66:1499
[ 1163363ms] [WARNING] WebSocket connection to 'ws://localhost:3001/socket.io/?EIO=4&transport=websocket' failed: WebSocket is closed before the connection is established. @ http://localhost:5174/node_modules/.vite/deps/socket__io-client.js?v=8fee1d66:1499
[ 1188384ms] [WARNING] WebSocket connection to 'ws://localhost:3001/socket.io/?EIO=4&transport=websocket' failed: WebSocket is closed before the connection is established. @ http://localhost:5174/node_modules/.vite/deps/socket__io-client.js?v=8fee1d66:1499
[ 1213398ms] [WARNING] WebSocket connection to 'ws://localhost:3001/socket.io/?EIO=4&transport=websocket' failed: WebSocket is closed before the connection is established. @ http://localhost:5174/node_modules/.vite/deps/socket__io-client.js?v=8fee1d66:1499
[ 1238414ms] [WARNING] WebSocket connection to 'ws://localhost:3001/socket.io/?EIO=4&transport=websocket' failed: WebSocket is closed before the connection is established. @ http://localhost:5174/node_modules/.vite/deps/socket__io-client.js?v=8fee1d66:1499
[ 1263427ms] [WARNING] WebSocket connection to 'ws://localhost:3001/socket.io/?EIO=4&transport=websocket' failed: WebSocket is closed before the connection is established. @ http://localhost:5174/node_modules/.vite/deps/socket__io-client.js?v=8fee1d66:1499
[ 1277815ms] [INFO] %cDownload the React DevTools for a better development experience: https://react.dev/link/react-devtools font-weight:bold @ http://localhost:5174/node_modules/.vite/deps/react-dom_client.js?v=8fee1d66:20102
[ 1297852ms] [WARNING] WebSocket connection to 'ws://localhost:3001/socket.io/?EIO=4&transport=websocket' failed: WebSocket is closed before the connection is established. @ http://localhost:5174/node_modules/.vite/deps/socket__io-client.js?v=8fee1d66:1499
[ 1319235ms] [WARNING] WebSocket connection to 'ws://localhost:3001/socket.io/?EIO=4&transport=websocket' failed: WebSocket is closed before the connection is established. @ http://localhost:5174/node_modules/.vite/deps/socket__io-client.js?v=8fee1d66:1499
[ 1341415ms] [WARNING] WebSocket connection to 'ws://localhost:3001/socket.io/?EIO=4&transport=websocket' failed: WebSocket is closed before the connection is established. @ http://localhost:5174/node_modules/.vite/deps/socket__io-client.js?v=8fee1d66:1499
[ 1363739ms] [WARNING] WebSocket connection to 'ws://localhost:3001/socket.io/?EIO=4&transport=websocket' failed: WebSocket is closed before the connection is established. @ http://localhost:5174/node_modules/.vite/deps/socket__io-client.js?v=8fee1d66:1499
[ 1388752ms] [WARNING] WebSocket connection to 'ws://localhost:3001/socket.io/?EIO=4&transport=websocket' failed: WebSocket is closed before the connection is established. @ http://localhost:5174/node_modules/.vite/deps/socket__io-client.js?v=8fee1d66:1499
[ 1413769ms] [WARNING] WebSocket connection to 'ws://localhost:3001/socket.io/?EIO=4&transport=websocket' failed: WebSocket is closed before the connection is established. @ http://localhost:5174/node_modules/.vite/deps/socket__io-client.js?v=8fee1d66:1499
[ 1438791ms] [WARNING] WebSocket connection to 'ws://localhost:3001/socket.io/?EIO=4&transport=websocket' failed: WebSocket is closed before the connection is established. @ http://localhost:5174/node_modules/.vite/deps/socket__io-client.js?v=8fee1d66:1499
[ 1463802ms] [WARNING] WebSocket connection to 'ws://localhost:3001/socket.io/?EIO=4&transport=websocket' failed: WebSocket is closed before the connection is established. @ http://localhost:5174/node_modules/.vite/deps/socket__io-client.js?v=8fee1d66:1499
